Performing C SOURCE FILE Test CMAKE_HAVE_LIBC_PTHREAD failed with the following output:
Change Dir: /home/anki/csmi/mqs/build/CMakeFiles/CMakeTmp

Run Build Command(s):/usr/bin/ninja cmTC_c17ba && [1/2] Building C object CMakeFiles/cmTC_c17ba.dir/src.c.o
[2/2] Linking C executable cmTC_c17ba
FAILED: cmTC_c17ba 
: && /usr/bin/clang-9 -DNDEBUG -O2 -Wdate-time -D_FORTIFY_SOURCE=2 -DCMAKE_HAVE_LIBC_PTHREAD   CMakeFiles/cmTC_c17ba.dir/src.c.o  -o cmTC_c17ba   && :
/usr/bin/ld: CMakeFiles/cmTC_c17ba.dir/src.c.o: in function `main':
src.c:(.text+0x1e): undefined reference to `pthread_create'
/usr/bin/ld: src.c:(.text+0x27): undefined reference to `pthread_detach'
/usr/bin/ld: src.c:(.text+0x32): undefined reference to `pthread_join'
clang: error: linker command failed with exit code 1 (use -v to see invocation)
ninja: build stopped: subcommand failed.


Source file was:
#include <pthread.h>

void* test_func(void* data)
{
  return data;
}

int main(void)
{
  pthread_t thread;
  pthread_create(&thread, NULL, test_func, NULL);
  pthread_detach(thread);
  pthread_join(thread, NULL);
  pthread_atfork(NULL, NULL, NULL);
  pthread_exit(NULL);

  return 0;
}

Determining if the function pthread_create exists in the pthreads failed with the following output:
Change Dir: /home/anki/csmi/mqs/build/CMakeFiles/CMakeTmp

Run Build Command(s):/usr/bin/ninja cmTC_45801 && [1/2] Building C object CMakeFiles/cmTC_45801.dir/CheckFunctionExists.c.o
[2/2] Linking C executable cmTC_45801
FAILED: cmTC_45801 
: && /usr/bin/clang-9 -DNDEBUG -O2 -Wdate-time -D_FORTIFY_SOURCE=2 -DCHECK_FUNCTION_EXISTS=pthread_create   CMakeFiles/cmTC_45801.dir/CheckFunctionExists.c.o  -o cmTC_45801  -lpthreads && :
/usr/bin/ld: cannot find -lpthreads
clang: error: linker command failed with exit code 1 (use -v to see invocation)
ninja: build stopped: subcommand failed.



